Analysis & Synthesis report for Aula07_UC
Tue Sep 22 10:48:40 2020
Quartus Prime Version 20.1.0 Build 711 06/05/2020 SJ Lite Edition


---------------------
; Table of Contents ;
---------------------
  1. Legal Notice
  2. Analysis & Synthesis Summary
  3. Analysis & Synthesis Settings
  4. Parallel Compilation
  5. Analysis & Synthesis Source Files Read
  6. Analysis & Synthesis Resource Usage Summary
  7. Analysis & Synthesis Resource Utilization by Entity
  8. Registers Removed During Synthesis
  9. Removed Registers Triggering Further Register Optimizations
 10. General Register Statistics
 11. Multiplexer Restructuring Statistics (Restructuring Performed)
 12. Parameter Settings for User Entity Instance: Top-level Entity: |Aula07_UC
 13. Parameter Settings for User Entity Instance: Processador_Aula07:CPU
 14. Parameter Settings for User Entity Instance: Processador_Aula07:CPU|Fluxo_Dados:FD
 15. Parameter Settings for User Entity Instance: Processador_Aula07:CPU|Fluxo_Dados:FD|registradorGenerico:PC
 16. Parameter Settings for User Entity Instance: Processador_Aula07:CPU|Fluxo_Dados:FD|muxGenerico2x1:MuxProxPC
 17. Parameter Settings for User Entity Instance: Processador_Aula07:CPU|Fluxo_Dados:FD|muxGenerico2x1:muxULA_Imediato
 18. Parameter Settings for User Entity Instance: Processador_Aula07:CPU|Fluxo_Dados:FD|somaConstante:somaUm
 19. Parameter Settings for User Entity Instance: Processador_Aula07:CPU|Fluxo_Dados:FD|memoriaROM:ROM
 20. Parameter Settings for User Entity Instance: Processador_Aula07:CPU|Fluxo_Dados:FD|memoriaRAM:RAM
 21. Parameter Settings for User Entity Instance: Processador_Aula07:CPU|Fluxo_Dados:FD|registradorGenerico:Acumulador
 22. Parameter Settings for User Entity Instance: Processador_Aula07:CPU|Fluxo_Dados:FD|ULA:ULA
 23. Parameter Settings for User Entity Instance: Processador_Aula07:CPU|Fluxo_Dados:FD|estendeSinalGenerico:estendeSinal
 24. Parameter Settings for User Entity Instance: Processador_Aula07:CPU|Unidade_Controle:UC
 25. Port Connectivity Checks: "Processador_Aula07:CPU|Fluxo_Dados:FD|ULA:ULA"
 26. Port Connectivity Checks: "Processador_Aula07:CPU|Fluxo_Dados:FD|registradorGenerico:Acumulador"
 27. Port Connectivity Checks: "Processador_Aula07:CPU|Fluxo_Dados:FD|registradorGenerico:PC"
 28. Post-Synthesis Netlist Statistics for Top Partition
 29. Elapsed Time Per Partition
 30. Analysis & Synthesis Messages



----------------
; Legal Notice ;
----------------
Copyright (C) 2020  Intel Corporation. All rights reserved.
Your use of Intel Corporation's design tools, logic functions 
and other software and tools, and any partner logic 
functions, and any output files from any of the foregoing 
(including device programming or simulation files), and any 
associated documentation or information are expressly subject 
to the terms and conditions of the Intel Program License 
Subscription Agreement, the Intel Quartus Prime License Agreement,
the Intel FPGA IP License Agreement, or other applicable license
agreement, including, without limitation, that your use is for
the sole purpose of programming logic devices manufactured by
Intel and sold by Intel or its authorized distributors.  Please
refer to the applicable agreement for further details, at
https://fpgasoftware.intel.com/eula.



+-------------------------------------------------------------------------------+
; Analysis & Synthesis Summary                                                  ;
+---------------------------------+---------------------------------------------+
; Analysis & Synthesis Status     ; Successful - Tue Sep 22 10:48:40 2020       ;
; Quartus Prime Version           ; 20.1.0 Build 711 06/05/2020 SJ Lite Edition ;
; Revision Name                   ; Aula07_UC                                   ;
; Top-level Entity Name           ; Aula07_UC                                   ;
; Family                          ; Cyclone V                                   ;
; Logic utilization (in ALMs)     ; N/A                                         ;
; Total registers                 ; 0                                           ;
; Total pins                      ; 29                                          ;
; Total virtual pins              ; 0                                           ;
; Total block memory bits         ; 0                                           ;
; Total DSP Blocks                ; 0                                           ;
; Total HSSI RX PCSs              ; 0                                           ;
; Total HSSI PMA RX Deserializers ; 0                                           ;
; Total HSSI TX PCSs              ; 0                                           ;
; Total HSSI PMA TX Serializers   ; 0                                           ;
; Total PLLs                      ; 0                                           ;
; Total DLLs                      ; 0                                           ;
+---------------------------------+---------------------------------------------+


+---------------------------------------------------------------------------------------------------------------------------+
; Analysis & Synthesis Settings                                                                                             ;
+---------------------------------------------------------------------------------+--------------------+--------------------+
; Option                                                                          ; Setting            ; Default Value      ;
+---------------------------------------------------------------------------------+--------------------+--------------------+
; Device                                                                          ; 5CEBA4F23C7        ;                    ;
; Top-level entity name                                                           ; Aula07_UC          ; Aula07_UC          ;
; Family name                                                                     ; Cyclone V          ; Cyclone V          ;
; Maximum processors allowed for parallel compilation                             ; All                ;                    ;
; VHDL Show LMF Mapping Messages                                                  ; Off                ;                    ;
; VHDL Version                                                                    ; VHDL_2008          ; VHDL_1993          ;
; Use smart compilation                                                           ; Off                ; Off                ;
; Enable parallel Assembler and Timing Analyzer during compilation                ; On                 ; On                 ;
; Enable compact report table                                                     ; Off                ; Off                ;
; Restructure Multiplexers                                                        ; Auto               ; Auto               ;
; MLAB Add Timing Constraints For Mixed-Port Feed-Through Mode Setting Don't Care ; Off                ; Off                ;
; Create Debugging Nodes for IP Cores                                             ; Off                ; Off                ;
; Preserve fewer node names                                                       ; On                 ; On                 ;
; Intel FPGA IP Evaluation Mode                                                   ; Enable             ; Enable             ;
; Verilog Version                                                                 ; Verilog_2001       ; Verilog_2001       ;
; State Machine Processing                                                        ; Auto               ; Auto               ;
; Safe State Machine                                                              ; Off                ; Off                ;
; Extract Verilog State Machines                                                  ; On                 ; On                 ;
; Extract VHDL State Machines                                                     ; On                 ; On                 ;
; Ignore Verilog initial constructs                                               ; Off                ; Off                ;
; Iteration limit for constant Verilog loops                                      ; 5000               ; 5000               ;
; Iteration limit for non-constant Verilog loops                                  ; 250                ; 250                ;
; Add Pass-Through Logic to Inferred RAMs                                         ; On                 ; On                 ;
; Infer RAMs from Raw Logic                                                       ; On                 ; On                 ;
; Parallel Synthesis                                                              ; On                 ; On                 ;
; DSP Block Balancing                                                             ; Auto               ; Auto               ;
; NOT Gate Push-Back                                                              ; On                 ; On                 ;
; Power-Up Don't Care                                                             ; On                 ; On                 ;
; Remove Redundant Logic Cells                                                    ; Off                ; Off                ;
; Remove Duplicate Registers                                                      ; On                 ; On                 ;
; Ignore CARRY Buffers                                                            ; Off                ; Off                ;
; Ignore CASCADE Buffers                                                          ; Off                ; Off                ;
; Ignore GLOBAL Buffers                                                           ; Off                ; Off                ;
; Ignore ROW GLOBAL Buffers                                                       ; Off                ; Off                ;
; Ignore LCELL Buffers                                                            ; Off                ; Off                ;
; Ignore SOFT Buffers                                                             ; On                 ; On                 ;
; Limit AHDL Integers to 32 Bits                                                  ; Off                ; Off                ;
; Optimization Technique                                                          ; Balanced           ; Balanced           ;
; Carry Chain Length                                                              ; 70                 ; 70                 ;
; Auto Carry Chains                                                               ; On                 ; On                 ;
; Auto Open-Drain Pins                                                            ; On                 ; On                 ;
; Perform WYSIWYG Primitive Resynthesis                                           ; Off                ; Off                ;
; Auto ROM Replacement                                                            ; On                 ; On                 ;
; Auto RAM Replacement                                                            ; On                 ; On                 ;
; Auto DSP Block Replacement                                                      ; On                 ; On                 ;
; Auto Shift Register Replacement                                                 ; Auto               ; Auto               ;
; Allow Shift Register Merging across Hierarchies                                 ; Auto               ; Auto               ;
; Auto Clock Enable Replacement                                                   ; On                 ; On                 ;
; Strict RAM Replacement                                                          ; Off                ; Off                ;
; Allow Synchronous Control Signals                                               ; On                 ; On                 ;
; Force Use of Synchronous Clear Signals                                          ; Off                ; Off                ;
; Auto Resource Sharing                                                           ; Off                ; Off                ;
; Allow Any RAM Size For Recognition                                              ; Off                ; Off                ;
; Allow Any ROM Size For Recognition                                              ; Off                ; Off                ;
; Allow Any Shift Register Size For Recognition                                   ; Off                ; Off                ;
; Use LogicLock Constraints during Resource Balancing                             ; On                 ; On                 ;
; Ignore translate_off and synthesis_off directives                               ; Off                ; Off                ;
; Timing-Driven Synthesis                                                         ; On                 ; On                 ;
; Report Parameter Settings                                                       ; On                 ; On                 ;
; Report Source Assignments                                                       ; On                 ; On                 ;
; Report Connectivity Checks                                                      ; On                 ; On                 ;
; Ignore Maximum Fan-Out Assignments                                              ; Off                ; Off                ;
; Synchronization Register Chain Length                                           ; 3                  ; 3                  ;
; Power Optimization During Synthesis                                             ; Normal compilation ; Normal compilation ;
; HDL message level                                                               ; Level2             ; Level2             ;
; Suppress Register Optimization Related Messages                                 ; Off                ; Off                ;
; Number of Removed Registers Reported in Synthesis Report                        ; 5000               ; 5000               ;
; Number of Swept Nodes Reported in Synthesis Report                              ; 5000               ; 5000               ;
; Number of Inverted Registers Reported in Synthesis Report                       ; 100                ; 100                ;
; Clock MUX Protection                                                            ; On                 ; On                 ;
; Auto Gated Clock Conversion                                                     ; Off                ; Off                ;
; Block Design Naming                                                             ; Auto               ; Auto               ;
; SDC constraint protection                                                       ; Off                ; Off                ;
; Synthesis Effort                                                                ; Auto               ; Auto               ;
; Shift Register Replacement - Allow Asynchronous Clear Signal                    ; On                 ; On                 ;
; Pre-Mapping Resynthesis Optimization                                            ; Off                ; Off                ;
; Analysis & Synthesis Message Level                                              ; Medium             ; Medium             ;
; Disable Register Merging Across Hierarchies                                     ; Auto               ; Auto               ;
; Resource Aware Inference For Block RAM                                          ; On                 ; On                 ;
; Automatic Parallel Synthesis                                                    ; On                 ; On                 ;
; Partial Reconfiguration Bitstream ID                                            ; Off                ; Off                ;
+---------------------------------------------------------------------------------+--------------------+--------------------+


+------------------------------------------+
; Parallel Compilation                     ;
+----------------------------+-------------+
; Processors                 ; Number      ;
+----------------------------+-------------+
; Number detected on machine ; 8           ;
; Maximum allowed            ; 4           ;
;                            ;             ;
; Average used               ; 1.00        ;
; Maximum used               ; 1           ;
;                            ;             ;
; Usage by Processor         ; % Time Used ;
;     Processor 1            ; 100.0%      ;
+----------------------------+-------------+


+-------------------------------------------------------------------------------------------------------------------------------------------------------------------------------------+
; Analysis & Synthesis Source Files Read                                                                                                                                              ;
+----------------------------------+-----------------+-----------------+----------------------------------------------------------------------------------------------------+---------+
; File Name with User-Entered Path ; Used in Netlist ; File Type       ; File Name with Absolute Path                                                                       ; Library ;
+----------------------------------+-----------------+-----------------+----------------------------------------------------------------------------------------------------+---------+
; ULA.vhd                          ; yes             ; User VHDL File  ; C:/Users/emanu/Desktop/Insper/DesignComputadores/aula7/Aula07_UC_restored/ULA.vhd                  ;         ;
; Unidade_Controle.vhd             ; yes             ; User VHDL File  ; C:/Users/emanu/Desktop/Insper/DesignComputadores/aula7/Aula07_UC_restored/Unidade_Controle.vhd     ;         ;
; somaConstante.vhd                ; yes             ; User VHDL File  ; C:/Users/emanu/Desktop/Insper/DesignComputadores/aula7/Aula07_UC_restored/somaConstante.vhd        ;         ;
; registradorGenerico.vhd          ; yes             ; User VHDL File  ; C:/Users/emanu/Desktop/Insper/DesignComputadores/aula7/Aula07_UC_restored/registradorGenerico.vhd  ;         ;
; Processador_Aula07.vhd           ; yes             ; User VHDL File  ; C:/Users/emanu/Desktop/Insper/DesignComputadores/aula7/Aula07_UC_restored/Processador_Aula07.vhd   ;         ;
; muxGenerico2x1.vhd               ; yes             ; User VHDL File  ; C:/Users/emanu/Desktop/Insper/DesignComputadores/aula7/Aula07_UC_restored/muxGenerico2x1.vhd       ;         ;
; memoriaROM.vhd                   ; yes             ; User VHDL File  ; C:/Users/emanu/Desktop/Insper/DesignComputadores/aula7/Aula07_UC_restored/memoriaROM.vhd           ;         ;
; memoriaRAM.vhd                   ; yes             ; User VHDL File  ; C:/Users/emanu/Desktop/Insper/DesignComputadores/aula7/Aula07_UC_restored/memoriaRAM.vhd           ;         ;
; Fluxo_Dados.vhd                  ; yes             ; User VHDL File  ; C:/Users/emanu/Desktop/Insper/DesignComputadores/aula7/Aula07_UC_restored/Fluxo_Dados.vhd          ;         ;
; estendeSinalGenerico.vhd         ; yes             ; User VHDL File  ; C:/Users/emanu/Desktop/Insper/DesignComputadores/aula7/Aula07_UC_restored/estendeSinalGenerico.vhd ;         ;
; Aula07_UC.vhd                    ; yes             ; User VHDL File  ; C:/Users/emanu/Desktop/Insper/DesignComputadores/aula7/Aula07_UC_restored/Aula07_UC.vhd            ;         ;
+----------------------------------+-----------------+-----------------+----------------------------------------------------------------------------------------------------+---------+


+------------------------------------------------------------------------+
; Analysis & Synthesis Resource Usage Summary                            ;
+---------------------------------------------+--------------------------+
; Resource                                    ; Usage                    ;
+---------------------------------------------+--------------------------+
; Estimate of Logic utilization (ALMs needed) ; 0                        ;
;                                             ;                          ;
; Combinational ALUT usage for logic          ; 0                        ;
;     -- 7 input functions                    ; 0                        ;
;     -- 6 input functions                    ; 0                        ;
;     -- 5 input functions                    ; 0                        ;
;     -- 4 input functions                    ; 0                        ;
;     -- <=3 input functions                  ; 0                        ;
;                                             ;                          ;
; Dedicated logic registers                   ; 0                        ;
;                                             ;                          ;
; I/O pins                                    ; 29                       ;
;                                             ;                          ;
; Total DSP Blocks                            ; 0                        ;
;                                             ;                          ;
; Maximum fan-out node                        ; programCounter[0]~output ;
; Maximum fan-out                             ; 1                        ;
; Total fan-out                               ; 29                       ;
; Average fan-out                             ; 0.50                     ;
+---------------------------------------------+--------------------------+


+----------------------------------------------------------------------------------------------------------------------------------------------------------------------------------------+
; Analysis & Synthesis Resource Utilization by Entity                                                                                                                                    ;
+----------------------------+---------------------+---------------------------+-------------------+------------+------+--------------+---------------------+-------------+--------------+
; Compilation Hierarchy Node ; Combinational ALUTs ; Dedicated Logic Registers ; Block Memory Bits ; DSP Blocks ; Pins ; Virtual Pins ; Full Hierarchy Name ; Entity Name ; Library Name ;
+----------------------------+---------------------+---------------------------+-------------------+------------+------+--------------+---------------------+-------------+--------------+
; |Aula07_UC                 ; 0 (0)               ; 0 (0)                     ; 0                 ; 0          ; 29   ; 0            ; |Aula07_UC          ; Aula07_UC   ; work         ;
+----------------------------+---------------------+---------------------------+-------------------+------------+------+--------------+---------------------+-------------+--------------+
Note: For table entries with two numbers listed, the numbers in parentheses indicate the number of resources of the given type used by the specific entity alone. The numbers listed outside of parentheses indicate the total resources of the given type used by the specific entity and all of its sub-entities in the hierarchy.


+--------------------------------------------------------------------------------------------------------------------------------------+
; Registers Removed During Synthesis                                                                                                   ;
+---------------------------------------------------------------------------------------------+----------------------------------------+
; Register name                                                                               ; Reason for Removal                     ;
+---------------------------------------------------------------------------------------------+----------------------------------------+
; Processador_Aula07:CPU|Fluxo_Dados:FD|registradorGenerico:PC|DOUT[0,2,4,6,8,10]             ; Stuck at GND due to stuck port data_in ;
; Processador_Aula07:CPU|Fluxo_Dados:FD|registradorGenerico:Acumulador|DOUT[0,2,4,6,8,10]     ; Stuck at GND due to stuck port data_in ;
; Processador_Aula07:CPU|Fluxo_Dados:FD|registradorGenerico:PC|DOUT[1,3,5,7,9,11]             ; Stuck at GND due to stuck port data_in ;
; Processador_Aula07:CPU|Fluxo_Dados:FD|registradorGenerico:Acumulador|DOUT[1,3,5,7,9,11..15] ; Stuck at VCC due to stuck port data_in ;
; Total Number of Removed Registers = 28                                                      ;                                        ;
+---------------------------------------------------------------------------------------------+----------------------------------------+


+-----------------------------------------------------------------------------------------------------------------------------------------------------------------------------------+
; Removed Registers Triggering Further Register Optimizations                                                                                                                       ;
+----------------------------------------------------------------------+---------------------------+--------------------------------------------------------------------------------+
; Register name                                                        ; Reason for Removal        ; Registers Removed due to This Register                                         ;
+----------------------------------------------------------------------+---------------------------+--------------------------------------------------------------------------------+
; Processador_Aula07:CPU|Fluxo_Dados:FD|registradorGenerico:PC|DOUT[0] ; Stuck at GND              ; Processador_Aula07:CPU|Fluxo_Dados:FD|registradorGenerico:PC|DOUT[1],          ;
;                                                                      ; due to stuck port data_in ; Processador_Aula07:CPU|Fluxo_Dados:FD|registradorGenerico:PC|DOUT[3],          ;
;                                                                      ;                           ; Processador_Aula07:CPU|Fluxo_Dados:FD|registradorGenerico:PC|DOUT[5],          ;
;                                                                      ;                           ; Processador_Aula07:CPU|Fluxo_Dados:FD|registradorGenerico:PC|DOUT[7],          ;
;                                                                      ;                           ; Processador_Aula07:CPU|Fluxo_Dados:FD|registradorGenerico:PC|DOUT[9],          ;
;                                                                      ;                           ; Processador_Aula07:CPU|Fluxo_Dados:FD|registradorGenerico:PC|DOUT[11],         ;
;                                                                      ;                           ; Processador_Aula07:CPU|Fluxo_Dados:FD|registradorGenerico:Acumulador|DOUT[1],  ;
;                                                                      ;                           ; Processador_Aula07:CPU|Fluxo_Dados:FD|registradorGenerico:Acumulador|DOUT[3],  ;
;                                                                      ;                           ; Processador_Aula07:CPU|Fluxo_Dados:FD|registradorGenerico:Acumulador|DOUT[5],  ;
;                                                                      ;                           ; Processador_Aula07:CPU|Fluxo_Dados:FD|registradorGenerico:Acumulador|DOUT[7],  ;
;                                                                      ;                           ; Processador_Aula07:CPU|Fluxo_Dados:FD|registradorGenerico:Acumulador|DOUT[9],  ;
;                                                                      ;                           ; Processador_Aula07:CPU|Fluxo_Dados:FD|registradorGenerico:Acumulador|DOUT[11], ;
;                                                                      ;                           ; Processador_Aula07:CPU|Fluxo_Dados:FD|registradorGenerico:Acumulador|DOUT[12], ;
;                                                                      ;                           ; Processador_Aula07:CPU|Fluxo_Dados:FD|registradorGenerico:Acumulador|DOUT[13], ;
;                                                                      ;                           ; Processador_Aula07:CPU|Fluxo_Dados:FD|registradorGenerico:Acumulador|DOUT[14], ;
;                                                                      ;                           ; Processador_Aula07:CPU|Fluxo_Dados:FD|registradorGenerico:Acumulador|DOUT[15]  ;
+----------------------------------------------------------------------+---------------------------+--------------------------------------------------------------------------------+


+------------------------------------------------------+
; General Register Statistics                          ;
+----------------------------------------------+-------+
; Statistic                                    ; Value ;
+----------------------------------------------+-------+
; Total registers                              ; 0     ;
; Number of registers using Synchronous Clear  ; 0     ;
; Number of registers using Synchronous Load   ; 0     ;
; Number of registers using Asynchronous Clear ; 0     ;
; Number of registers using Asynchronous Load  ; 0     ;
; Number of registers using Clock Enable       ; 0     ;
; Number of registers using Preset             ; 0     ;
+----------------------------------------------+-------+


+--------------------------------------------------------------------------------------------------------------------------------------------------------------------------------------------------------+
; Multiplexer Restructuring Statistics (Restructuring Performed)                                                                                                                                         ;
+--------------------+-----------+---------------+----------------------+------------------------+------------+------------------------------------------------------------------------------------------+
; Multiplexer Inputs ; Bus Width ; Baseline Area ; Area if Restructured ; Saving if Restructured ; Registered ; Example Multiplexer Output                                                               ;
+--------------------+-----------+---------------+----------------------+------------------------+------------+------------------------------------------------------------------------------------------+
; 8:1                ; 6 bits    ; 30 LEs        ; 0 LEs                ; 30 LEs                 ; Yes        ; |Aula07_UC|Processador_Aula07:CPU|Fluxo_Dados:FD|registradorGenerico:Acumulador|DOUT[10] ;
; 8:1                ; 10 bits   ; 50 LEs        ; 0 LEs                ; 50 LEs                 ; Yes        ; |Aula07_UC|Processador_Aula07:CPU|Fluxo_Dados:FD|registradorGenerico:Acumulador|DOUT[12] ;
+--------------------+-----------+---------------+----------------------+------------------------+------------+------------------------------------------------------------------------------------------+


+---------------------------------------------------------------------------+
; Parameter Settings for User Entity Instance: Top-level Entity: |Aula07_UC ;
+----------------+-------+--------------------------------------------------+
; Parameter Name ; Value ; Type                                             ;
+----------------+-------+--------------------------------------------------+
; DATA_WIDTH     ; 16    ; Signed Integer                                   ;
; ADDR_WIDTH     ; 12    ; Signed Integer                                   ;
+----------------+-------+--------------------------------------------------+
Note: In order to hide this table in the UI and the text report file, please set the "Show Parameter Settings in Synthesis Report" option in "Analysis and Synthesis Settings -> More Settings" to "Off".


+---------------------------------------------------------------------+
; Parameter Settings for User Entity Instance: Processador_Aula07:CPU ;
+----------------+-------+--------------------------------------------+
; Parameter Name ; Value ; Type                                       ;
+----------------+-------+--------------------------------------------+
; data_width     ; 16    ; Signed Integer                             ;
; addr_width     ; 12    ; Signed Integer                             ;
+----------------+-------+--------------------------------------------+
Note: In order to hide this table in the UI and the text report file, please set the "Show Parameter Settings in Synthesis Report" option in "Analysis and Synthesis Settings -> More Settings" to "Off".


+------------------------------------------------------------------------------------+
; Parameter Settings for User Entity Instance: Processador_Aula07:CPU|Fluxo_Dados:FD ;
+----------------+-------+-----------------------------------------------------------+
; Parameter Name ; Value ; Type                                                      ;
+----------------+-------+-----------------------------------------------------------+
; data_width     ; 16    ; Signed Integer                                            ;
; rom_data_width ; 16    ; Signed Integer                                            ;
; addr_width     ; 12    ; Signed Integer                                            ;
+----------------+-------+-----------------------------------------------------------+
Note: In order to hide this table in the UI and the text report file, please set the "Show Parameter Settings in Synthesis Report" option in "Analysis and Synthesis Settings -> More Settings" to "Off".


+-----------------------------------------------------------------------------------------------------------+
; Parameter Settings for User Entity Instance: Processador_Aula07:CPU|Fluxo_Dados:FD|registradorGenerico:PC ;
+----------------+-------+----------------------------------------------------------------------------------+
; Parameter Name ; Value ; Type                                                                             ;
+----------------+-------+----------------------------------------------------------------------------------+
; larguradados   ; 12    ; Signed Integer                                                                   ;
+----------------+-------+----------------------------------------------------------------------------------+
Note: In order to hide this table in the UI and the text report file, please set the "Show Parameter Settings in Synthesis Report" option in "Analysis and Synthesis Settings -> More Settings" to "Off".


+-------------------------------------------------------------------------------------------------------------+
; Parameter Settings for User Entity Instance: Processador_Aula07:CPU|Fluxo_Dados:FD|muxGenerico2x1:MuxProxPC ;
+----------------+-------+------------------------------------------------------------------------------------+
; Parameter Name ; Value ; Type                                                                               ;
+----------------+-------+------------------------------------------------------------------------------------+
; larguradados   ; 12    ; Signed Integer                                                                     ;
+----------------+-------+------------------------------------------------------------------------------------+
Note: In order to hide this table in the UI and the text report file, please set the "Show Parameter Settings in Synthesis Report" option in "Analysis and Synthesis Settings -> More Settings" to "Off".


+-------------------------------------------------------------------------------------------------------------------+
; Parameter Settings for User Entity Instance: Processador_Aula07:CPU|Fluxo_Dados:FD|muxGenerico2x1:muxULA_Imediato ;
+----------------+-------+------------------------------------------------------------------------------------------+
; Parameter Name ; Value ; Type                                                                                     ;
+----------------+-------+------------------------------------------------------------------------------------------+
; larguradados   ; 16    ; Signed Integer                                                                           ;
+----------------+-------+------------------------------------------------------------------------------------------+
Note: In order to hide this table in the UI and the text report file, please set the "Show Parameter Settings in Synthesis Report" option in "Analysis and Synthesis Settings -> More Settings" to "Off".


+---------------------------------------------------------------------------------------------------------+
; Parameter Settings for User Entity Instance: Processador_Aula07:CPU|Fluxo_Dados:FD|somaConstante:somaUm ;
+----------------+-------+--------------------------------------------------------------------------------+
; Parameter Name ; Value ; Type                                                                           ;
+----------------+-------+--------------------------------------------------------------------------------+
; larguradados   ; 12    ; Signed Integer                                                                 ;
; constante      ; 1     ; Signed Integer                                                                 ;
+----------------+-------+--------------------------------------------------------------------------------+
Note: In order to hide this table in the UI and the text report file, please set the "Show Parameter Settings in Synthesis Report" option in "Analysis and Synthesis Settings -> More Settings" to "Off".


+---------------------------------------------------------------------------------------------------+
; Parameter Settings for User Entity Instance: Processador_Aula07:CPU|Fluxo_Dados:FD|memoriaROM:ROM ;
+----------------+-------+--------------------------------------------------------------------------+
; Parameter Name ; Value ; Type                                                                     ;
+----------------+-------+--------------------------------------------------------------------------+
; datawidth      ; 16    ; Signed Integer                                                           ;
; addrwidth      ; 12    ; Signed Integer                                                           ;
+----------------+-------+--------------------------------------------------------------------------+
Note: In order to hide this table in the UI and the text report file, please set the "Show Parameter Settings in Synthesis Report" option in "Analysis and Synthesis Settings -> More Settings" to "Off".


+---------------------------------------------------------------------------------------------------+
; Parameter Settings for User Entity Instance: Processador_Aula07:CPU|Fluxo_Dados:FD|memoriaRAM:RAM ;
+----------------+-------+--------------------------------------------------------------------------+
; Parameter Name ; Value ; Type                                                                     ;
+----------------+-------+--------------------------------------------------------------------------+
; datawidth      ; 16    ; Signed Integer                                                           ;
; addrwidth      ; 12    ; Signed Integer                                                           ;
+----------------+-------+--------------------------------------------------------------------------+
Note: In order to hide this table in the UI and the text report file, please set the "Show Parameter Settings in Synthesis Report" option in "Analysis and Synthesis Settings -> More Settings" to "Off".


+-------------------------------------------------------------------------------------------------------------------+
; Parameter Settings for User Entity Instance: Processador_Aula07:CPU|Fluxo_Dados:FD|registradorGenerico:Acumulador ;
+----------------+-------+------------------------------------------------------------------------------------------+
; Parameter Name ; Value ; Type                                                                                     ;
+----------------+-------+------------------------------------------------------------------------------------------+
; larguradados   ; 16    ; Signed Integer                                                                           ;
+----------------+-------+------------------------------------------------------------------------------------------+
Note: In order to hide this table in the UI and the text report file, please set the "Show Parameter Settings in Synthesis Report" option in "Analysis and Synthesis Settings -> More Settings" to "Off".


+--------------------------------------------------------------------------------------------+
; Parameter Settings for User Entity Instance: Processador_Aula07:CPU|Fluxo_Dados:FD|ULA:ULA ;
+----------------+-------+-------------------------------------------------------------------+
; Parameter Name ; Value ; Type                                                              ;
+----------------+-------+-------------------------------------------------------------------+
; larguradados   ; 16    ; Signed Integer                                                    ;
+----------------+-------+-------------------------------------------------------------------+
Note: In order to hide this table in the UI and the text report file, please set the "Show Parameter Settings in Synthesis Report" option in "Analysis and Synthesis Settings -> More Settings" to "Off".


+----------------------------------------------------------------------------------------------------------------------+
; Parameter Settings for User Entity Instance: Processador_Aula07:CPU|Fluxo_Dados:FD|estendeSinalGenerico:estendeSinal ;
+--------------------+-------+-----------------------------------------------------------------------------------------+
; Parameter Name     ; Value ; Type                                                                                    ;
+--------------------+-------+-----------------------------------------------------------------------------------------+
; larguradadoentrada ; 12    ; Signed Integer                                                                          ;
; larguradadosaida   ; 16    ; Signed Integer                                                                          ;
+--------------------+-------+-----------------------------------------------------------------------------------------+
Note: In order to hide this table in the UI and the text report file, please set the "Show Parameter Settings in Synthesis Report" option in "Analysis and Synthesis Settings -> More Settings" to "Off".


+-----------------------------------------------------------------------------------------+
; Parameter Settings for User Entity Instance: Processador_Aula07:CPU|Unidade_Controle:UC ;
+----------------+-------+----------------------------------------------------------------+
; Parameter Name ; Value ; Type                                                           ;
+----------------+-------+----------------------------------------------------------------+
; data_width     ; 16    ; Signed Integer                                                 ;
; addr_width     ; 12    ; Signed Integer                                                 ;
+----------------+-------+----------------------------------------------------------------+
Note: In order to hide this table in the UI and the text report file, please set the "Show Parameter Settings in Synthesis Report" option in "Analysis and Synthesis Settings -> More Settings" to "Off".


+--------------------------------------------------------------------------------------------------------------------+
; Port Connectivity Checks: "Processador_Aula07:CPU|Fluxo_Dados:FD|ULA:ULA"                                          ;
+----------+--------+----------+-------------------------------------------------------------------------------------+
; Port     ; Type   ; Severity ; Details                                                                             ;
+----------+--------+----------+-------------------------------------------------------------------------------------+
; flagzero ; Output ; Info     ; Connected to dangling logic. Logic that only feeds a dangling port will be removed. ;
+----------+--------+----------+-------------------------------------------------------------------------------------+


+--------------------------------------------------------------------------------------------------+
; Port Connectivity Checks: "Processador_Aula07:CPU|Fluxo_Dados:FD|registradorGenerico:Acumulador" ;
+------+-------+----------+------------------------------------------------------------------------+
; Port ; Type  ; Severity ; Details                                                                ;
+------+-------+----------+------------------------------------------------------------------------+
; rst  ; Input ; Info     ; Stuck at GND                                                           ;
+------+-------+----------+------------------------------------------------------------------------+


+------------------------------------------------------------------------------------------+
; Port Connectivity Checks: "Processador_Aula07:CPU|Fluxo_Dados:FD|registradorGenerico:PC" ;
+--------+-------+----------+--------------------------------------------------------------+
; Port   ; Type  ; Severity ; Details                                                      ;
+--------+-------+----------+--------------------------------------------------------------+
; enable ; Input ; Info     ; Stuck at VCC                                                 ;
; rst    ; Input ; Info     ; Stuck at GND                                                 ;
+--------+-------+----------+--------------------------------------------------------------+


+-----------------------------------------------------+
; Post-Synthesis Netlist Statistics for Top Partition ;
+-----------------------+-----------------------------+
; Type                  ; Count                       ;
+-----------------------+-----------------------------+
; arriav_lcell_comb     ; 2                           ;
;     normal            ; 2                           ;
;         0 data inputs ; 2                           ;
; boundary_port         ; 29                          ;
;                       ;                             ;
; Max LUT depth         ; 0.00                        ;
; Average LUT depth     ; 0.00                        ;
+-----------------------+-----------------------------+


+-------------------------------+
; Elapsed Time Per Partition    ;
+----------------+--------------+
; Partition Name ; Elapsed Time ;
+----------------+--------------+
; Top            ; 00:00:00     ;
+----------------+--------------+


+-------------------------------+
; Analysis & Synthesis Messages ;
+-------------------------------+
Info: *******************************************************************
Info: Running Quartus Prime Analysis & Synthesis
    Info: Version 20.1.0 Build 711 06/05/2020 SJ Lite Edition
    Info: Processing started: Tue Sep 22 10:48:09 2020
Info: Command: quartus_map --read_settings_files=on --write_settings_files=off Aula07_UC -c Aula07_UC
Info (20030): Parallel compilation is enabled and will use 4 of the 4 processors detected
Info (12021): Found 2 design units, including 1 entities, in source file ula.vhd
    Info (12022): Found design unit 1: ULA-comportamento File: C:/Users/emanu/Desktop/Insper/DesignComputadores/aula7/Aula07_UC_restored/ULA.vhd Line: 19
    Info (12023): Found entity 1: ULA File: C:/Users/emanu/Desktop/Insper/DesignComputadores/aula7/Aula07_UC_restored/ULA.vhd Line: 5
Info (12021): Found 2 design units, including 1 entities, in source file unidade_controle.vhd
    Info (12022): Found design unit 1: Unidade_Controle-arch_name File: C:/Users/emanu/Desktop/Insper/DesignComputadores/aula7/Aula07_UC_restored/Unidade_Controle.vhd Line: 22
    Info (12023): Found entity 1: Unidade_Controle File: C:/Users/emanu/Desktop/Insper/DesignComputadores/aula7/Aula07_UC_restored/Unidade_Controle.vhd Line: 5
Info (12021): Found 2 design units, including 1 entities, in source file somaconstante.vhd
    Info (12022): Found design unit 1: somaConstante-comportamento File: C:/Users/emanu/Desktop/Insper/DesignComputadores/aula7/Aula07_UC_restored/somaConstante.vhd Line: 18
    Info (12023): Found entity 1: somaConstante File: C:/Users/emanu/Desktop/Insper/DesignComputadores/aula7/Aula07_UC_restored/somaConstante.vhd Line: 5
Info (12021): Found 2 design units, including 1 entities, in source file registradorgenerico.vhd
    Info (12022): Found design unit 1: registradorGenerico-comportamento File: C:/Users/emanu/Desktop/Insper/DesignComputadores/aula7/Aula07_UC_restored/registradorGenerico.vhd Line: 15
    Info (12023): Found entity 1: registradorGenerico File: C:/Users/emanu/Desktop/Insper/DesignComputadores/aula7/Aula07_UC_restored/registradorGenerico.vhd Line: 4
Info (12021): Found 2 design units, including 1 entities, in source file processador_aula07.vhd
    Info (12022): Found design unit 1: Processador_Aula07-arch_name File: C:/Users/emanu/Desktop/Insper/DesignComputadores/aula7/Aula07_UC_restored/Processador_Aula07.vhd Line: 21
    Info (12023): Found entity 1: Processador_Aula07 File: C:/Users/emanu/Desktop/Insper/DesignComputadores/aula7/Aula07_UC_restored/Processador_Aula07.vhd Line: 5
Info (12021): Found 2 design units, including 1 entities, in source file muxgenerico2x1.vhd
    Info (12022): Found design unit 1: muxGenerico2x1-comportamento File: C:/Users/emanu/Desktop/Insper/DesignComputadores/aula7/Aula07_UC_restored/muxGenerico2x1.vhd Line: 14
    Info (12023): Found entity 1: muxGenerico2x1 File: C:/Users/emanu/Desktop/Insper/DesignComputadores/aula7/Aula07_UC_restored/muxGenerico2x1.vhd Line: 4
Info (12021): Found 2 design units, including 1 entities, in source file memoriarom.vhd
    Info (12022): Found design unit 1: memoriaROM-assincrona File: C:/Users/emanu/Desktop/Insper/DesignComputadores/aula7/Aula07_UC_restored/memoriaROM.vhd Line: 16
    Info (12023): Found entity 1: memoriaROM File: C:/Users/emanu/Desktop/Insper/DesignComputadores/aula7/Aula07_UC_restored/memoriaROM.vhd Line: 5
Info (12021): Found 2 design units, including 1 entities, in source file memoriaram.vhd
    Info (12022): Found design unit 1: memoriaRAM-rtl File: C:/Users/emanu/Desktop/Insper/DesignComputadores/aula7/Aula07_UC_restored/memoriaRAM.vhd Line: 20
    Info (12023): Found entity 1: memoriaRAM File: C:/Users/emanu/Desktop/Insper/DesignComputadores/aula7/Aula07_UC_restored/memoriaRAM.vhd Line: 5
Info (12021): Found 2 design units, including 1 entities, in source file fluxo_dados.vhd
    Info (12022): Found design unit 1: Fluxo_Dados-arch_name File: C:/Users/emanu/Desktop/Insper/DesignComputadores/aula7/Aula07_UC_restored/Fluxo_Dados.vhd Line: 24
    Info (12023): Found entity 1: Fluxo_Dados File: C:/Users/emanu/Desktop/Insper/DesignComputadores/aula7/Aula07_UC_restored/Fluxo_Dados.vhd Line: 5
Info (12021): Found 2 design units, including 1 entities, in source file estendesinalgenerico.vhd
    Info (12022): Found design unit 1: estendeSinalGenerico-comportamento File: C:/Users/emanu/Desktop/Insper/DesignComputadores/aula7/Aula07_UC_restored/estendeSinalGenerico.vhd Line: 19
    Info (12023): Found entity 1: estendeSinalGenerico File: C:/Users/emanu/Desktop/Insper/DesignComputadores/aula7/Aula07_UC_restored/estendeSinalGenerico.vhd Line: 4
Info (12021): Found 2 design units, including 1 entities, in source file aula07_uc.vhd
    Info (12022): Found design unit 1: Aula07_UC-arch_name File: C:/Users/emanu/Desktop/Insper/DesignComputadores/aula7/Aula07_UC_restored/Aula07_UC.vhd Line: 21
    Info (12023): Found entity 1: Aula07_UC File: C:/Users/emanu/Desktop/Insper/DesignComputadores/aula7/Aula07_UC_restored/Aula07_UC.vhd Line: 5
Info (12127): Elaborating entity "Aula07_UC" for the top level hierarchy
Info (12128): Elaborating entity "Processador_Aula07" for hierarchy "Processador_Aula07:CPU" File: C:/Users/emanu/Desktop/Insper/DesignComputadores/aula7/Aula07_UC_restored/Aula07_UC.vhd Line: 25
Info (12128): Elaborating entity "Fluxo_Dados" for hierarchy "Processador_Aula07:CPU|Fluxo_Dados:FD" File: C:/Users/emanu/Desktop/Insper/DesignComputadores/aula7/Aula07_UC_restored/Processador_Aula07.vhd Line: 30
Info (12128): Elaborating entity "registradorGenerico" for hierarchy "Processador_Aula07:CPU|Fluxo_Dados:FD|registradorGenerico:PC" File: C:/Users/emanu/Desktop/Insper/DesignComputadores/aula7/Aula07_UC_restored/Fluxo_Dados.vhd Line: 52
Info (12128): Elaborating entity "muxGenerico2x1" for hierarchy "Processador_Aula07:CPU|Fluxo_Dados:FD|muxGenerico2x1:MuxProxPC" File: C:/Users/emanu/Desktop/Insper/DesignComputadores/aula7/Aula07_UC_restored/Fluxo_Dados.vhd Line: 55
Info (12128): Elaborating entity "muxGenerico2x1" for hierarchy "Processador_Aula07:CPU|Fluxo_Dados:FD|muxGenerico2x1:muxULA_Imediato" File: C:/Users/emanu/Desktop/Insper/DesignComputadores/aula7/Aula07_UC_restored/Fluxo_Dados.vhd Line: 59
Info (12128): Elaborating entity "somaConstante" for hierarchy "Processador_Aula07:CPU|Fluxo_Dados:FD|somaConstante:somaUm" File: C:/Users/emanu/Desktop/Insper/DesignComputadores/aula7/Aula07_UC_restored/Fluxo_Dados.vhd Line: 63
Info (12128): Elaborating entity "memoriaROM" for hierarchy "Processador_Aula07:CPU|Fluxo_Dados:FD|memoriaROM:ROM" File: C:/Users/emanu/Desktop/Insper/DesignComputadores/aula7/Aula07_UC_restored/Fluxo_Dados.vhd Line: 66
Info (12128): Elaborating entity "memoriaRAM" for hierarchy "Processador_Aula07:CPU|Fluxo_Dados:FD|memoriaRAM:RAM" File: C:/Users/emanu/Desktop/Insper/DesignComputadores/aula7/Aula07_UC_restored/Fluxo_Dados.vhd Line: 69
Info (12128): Elaborating entity "registradorGenerico" for hierarchy "Processador_Aula07:CPU|Fluxo_Dados:FD|registradorGenerico:Acumulador" File: C:/Users/emanu/Desktop/Insper/DesignComputadores/aula7/Aula07_UC_restored/Fluxo_Dados.vhd Line: 72
Info (12128): Elaborating entity "ULA" for hierarchy "Processador_Aula07:CPU|Fluxo_Dados:FD|ULA:ULA" File: C:/Users/emanu/Desktop/Insper/DesignComputadores/aula7/Aula07_UC_restored/Fluxo_Dados.vhd Line: 75
Info (12128): Elaborating entity "estendeSinalGenerico" for hierarchy "Processador_Aula07:CPU|Fluxo_Dados:FD|estendeSinalGenerico:estendeSinal" File: C:/Users/emanu/Desktop/Insper/DesignComputadores/aula7/Aula07_UC_restored/Fluxo_Dados.vhd Line: 79
Info (12128): Elaborating entity "Unidade_Controle" for hierarchy "Processador_Aula07:CPU|Unidade_Controle:UC" File: C:/Users/emanu/Desktop/Insper/DesignComputadores/aula7/Aula07_UC_restored/Processador_Aula07.vhd Line: 33
Warning (10541): VHDL Signal Declaration warning at Unidade_Controle.vhd(17): used implicit default value for signal "palavraControle" because signal was never assigned a value or an explicit default value. Use of implicit default value may introduce unintended design optimizations. File: C:/Users/emanu/Desktop/Insper/DesignComputadores/aula7/Aula07_UC_restored/Unidade_Controle.vhd Line: 17
Info (276014): Found 1 instances of uninferred RAM logic
    Info (276007): RAM logic "Processador_Aula07:CPU|Fluxo_Dados:FD|memoriaRAM:RAM|ram" is uninferred due to asynchronous read logic File: C:/Users/emanu/Desktop/Insper/DesignComputadores/aula7/Aula07_UC_restored/memoriaRAM.vhd Line: 26
Warning (13024): Output pins are stuck at VCC or GND
    Warning (13410): Pin "programCounter[0]" is stuck at GND File: C:/Users/emanu/Desktop/Insper/DesignComputadores/aula7/Aula07_UC_restored/Aula07_UC.vhd Line: 15
    Warning (13410): Pin "programCounter[1]" is stuck at GND File: C:/Users/emanu/Desktop/Insper/DesignComputadores/aula7/Aula07_UC_restored/Aula07_UC.vhd Line: 15
    Warning (13410): Pin "programCounter[2]" is stuck at GND File: C:/Users/emanu/Desktop/Insper/DesignComputadores/aula7/Aula07_UC_restored/Aula07_UC.vhd Line: 15
    Warning (13410): Pin "programCounter[3]" is stuck at GND File: C:/Users/emanu/Desktop/Insper/DesignComputadores/aula7/Aula07_UC_restored/Aula07_UC.vhd Line: 15
    Warning (13410): Pin "programCounter[4]" is stuck at GND File: C:/Users/emanu/Desktop/Insper/DesignComputadores/aula7/Aula07_UC_restored/Aula07_UC.vhd Line: 15
    Warning (13410): Pin "programCounter[5]" is stuck at GND File: C:/Users/emanu/Desktop/Insper/DesignComputadores/aula7/Aula07_UC_restored/Aula07_UC.vhd Line: 15
    Warning (13410): Pin "programCounter[6]" is stuck at GND File: C:/Users/emanu/Desktop/Insper/DesignComputadores/aula7/Aula07_UC_restored/Aula07_UC.vhd Line: 15
    Warning (13410): Pin "programCounter[7]" is stuck at GND File: C:/Users/emanu/Desktop/Insper/DesignComputadores/aula7/Aula07_UC_restored/Aula07_UC.vhd Line: 15
    Warning (13410): Pin "programCounter[8]" is stuck at GND File: C:/Users/emanu/Desktop/Insper/DesignComputadores/aula7/Aula07_UC_restored/Aula07_UC.vhd Line: 15
    Warning (13410): Pin "programCounter[9]" is stuck at GND File: C:/Users/emanu/Desktop/Insper/DesignComputadores/aula7/Aula07_UC_restored/Aula07_UC.vhd Line: 15
    Warning (13410): Pin "programCounter[10]" is stuck at GND File: C:/Users/emanu/Desktop/Insper/DesignComputadores/aula7/Aula07_UC_restored/Aula07_UC.vhd Line: 15
    Warning (13410): Pin "programCounter[11]" is stuck at GND File: C:/Users/emanu/Desktop/Insper/DesignComputadores/aula7/Aula07_UC_restored/Aula07_UC.vhd Line: 15
    Warning (13410): Pin "saidaAcumulador[0]" is stuck at GND File: C:/Users/emanu/Desktop/Insper/DesignComputadores/aula7/Aula07_UC_restored/Aula07_UC.vhd Line: 16
    Warning (13410): Pin "saidaAcumulador[1]" is stuck at VCC File: C:/Users/emanu/Desktop/Insper/DesignComputadores/aula7/Aula07_UC_restored/Aula07_UC.vhd Line: 16
    Warning (13410): Pin "saidaAcumulador[2]" is stuck at GND File: C:/Users/emanu/Desktop/Insper/DesignComputadores/aula7/Aula07_UC_restored/Aula07_UC.vhd Line: 16
    Warning (13410): Pin "saidaAcumulador[3]" is stuck at VCC File: C:/Users/emanu/Desktop/Insper/DesignComputadores/aula7/Aula07_UC_restored/Aula07_UC.vhd Line: 16
    Warning (13410): Pin "saidaAcumulador[4]" is stuck at GND File: C:/Users/emanu/Desktop/Insper/DesignComputadores/aula7/Aula07_UC_restored/Aula07_UC.vhd Line: 16
    Warning (13410): Pin "saidaAcumulador[5]" is stuck at VCC File: C:/Users/emanu/Desktop/Insper/DesignComputadores/aula7/Aula07_UC_restored/Aula07_UC.vhd Line: 16
    Warning (13410): Pin "saidaAcumulador[6]" is stuck at GND File: C:/Users/emanu/Desktop/Insper/DesignComputadores/aula7/Aula07_UC_restored/Aula07_UC.vhd Line: 16
    Warning (13410): Pin "saidaAcumulador[7]" is stuck at VCC File: C:/Users/emanu/Desktop/Insper/DesignComputadores/aula7/Aula07_UC_restored/Aula07_UC.vhd Line: 16
    Warning (13410): Pin "saidaAcumulador[8]" is stuck at GND File: C:/Users/emanu/Desktop/Insper/DesignComputadores/aula7/Aula07_UC_restored/Aula07_UC.vhd Line: 16
    Warning (13410): Pin "saidaAcumulador[9]" is stuck at VCC File: C:/Users/emanu/Desktop/Insper/DesignComputadores/aula7/Aula07_UC_restored/Aula07_UC.vhd Line: 16
    Warning (13410): Pin "saidaAcumulador[10]" is stuck at GND File: C:/Users/emanu/Desktop/Insper/DesignComputadores/aula7/Aula07_UC_restored/Aula07_UC.vhd Line: 16
    Warning (13410): Pin "saidaAcumulador[11]" is stuck at VCC File: C:/Users/emanu/Desktop/Insper/DesignComputadores/aula7/Aula07_UC_restored/Aula07_UC.vhd Line: 16
    Warning (13410): Pin "saidaAcumulador[12]" is stuck at VCC File: C:/Users/emanu/Desktop/Insper/DesignComputadores/aula7/Aula07_UC_restored/Aula07_UC.vhd Line: 16
    Warning (13410): Pin "saidaAcumulador[13]" is stuck at VCC File: C:/Users/emanu/Desktop/Insper/DesignComputadores/aula7/Aula07_UC_restored/Aula07_UC.vhd Line: 16
    Warning (13410): Pin "saidaAcumulador[14]" is stuck at VCC File: C:/Users/emanu/Desktop/Insper/DesignComputadores/aula7/Aula07_UC_restored/Aula07_UC.vhd Line: 16
    Warning (13410): Pin "saidaAcumulador[15]" is stuck at VCC File: C:/Users/emanu/Desktop/Insper/DesignComputadores/aula7/Aula07_UC_restored/Aula07_UC.vhd Line: 16
Info (16010): Generating hard_block partition "hard_block:auto_generated_inst"
    Info (16011): Adding 0 node(s), including 0 DDIO, 0 PLL, 0 transceiver and 0 LCELL
Warning (21074): Design contains 1 input pin(s) that do not drive logic
    Warning (15610): No output dependent on input pin "clk" File: C:/Users/emanu/Desktop/Insper/DesignComputadores/aula7/Aula07_UC_restored/Aula07_UC.vhd Line: 13
Info (21057): Implemented 29 device resources after synthesis - the final resource count might be different
    Info (21058): Implemented 1 input pins
    Info (21059): Implemented 28 output pins
Info: Quartus Prime Analysis & Synthesis was successful. 0 errors, 32 warnings
    Info: Peak virtual memory: 4864 megabytes
    Info: Processing ended: Tue Sep 22 10:48:40 2020
    Info: Elapsed time: 00:00:31
    Info: Total CPU time (on all processors): 00:00:25


